[Fri, 04 Apr 2014 15:41:54 +0400] (W)Внимание; Модуль URL rewrite неактивен. Витрины в подкаталогах будут недоступны.
[Fri, 04 Apr 2014 15:42:23 +0400] (W)Внимание; Модуль URL rewrite неактивен. Витрины в подкаталогах будут недоступны.
[Fri, 04 Apr 2014 15:42:23 +0400] (N); Создание схемы базы данных
[Fri, 04 Apr 2014 15:42:24 +0400] (N); Импорт данных
[Fri, 04 Apr 2014 15:42:26 +0400] (N); Создание демо
[Fri, 04 Apr 2014 15:42:28 +0400] (N); Установка дополнительного языка ru
[Fri, 04 Apr 2014 15:42:29 +0400] (N); Установка дополнительного языка ru
[Fri, 04 Apr 2014 15:42:32 +0400] (N); Модуль access_restrictions установлен
[Fri, 04 Apr 2014 15:42:32 +0400] (N); Модуль attachments установлен
[Fri, 04 Apr 2014 15:42:32 +0400] (N); Модуль banners установлен
[Fri, 04 Apr 2014 15:42:32 +0400] (N); Модуль barcode установлен
[Fri, 04 Apr 2014 15:42:32 +0400] (N); Модуль bestsellers установлен
[Fri, 04 Apr 2014 15:42:32 +0400] (N); Модуль buy_together установлен
[Fri, 04 Apr 2014 15:42:32 +0400] (N); Модуль catalog_mode установлен
[Fri, 04 Apr 2014 15:42:32 +0400] (N); Модуль customers_also_bought установлен
[Fri, 04 Apr 2014 15:42:32 +0400] (N); Модуль data_feeds установлен
[Fri, 04 Apr 2014 15:42:33 +0400] (N); Модуль discussion установлен
[Fri, 04 Apr 2014 15:42:33 +0400] (N); Модуль form_builder установлен
[Fri, 04 Apr 2014 15:42:33 +0400] (N); Модуль gift_certificates установлен
[Fri, 04 Apr 2014 15:42:33 +0400] (N); Модуль google_analytics установлен
[Fri, 04 Apr 2014 15:42:33 +0400] (N); Модуль google_sitemap установлен
[Fri, 04 Apr 2014 15:42:33 +0400] (N); Модуль hidpi установлен
[Fri, 04 Apr 2014 15:42:33 +0400] (N); Модуль hybrid_auth установлен
[Fri, 04 Apr 2014 15:42:33 +0400] (N); Модуль image_zoom установлен
[Fri, 04 Apr 2014 15:42:33 +0400] (N); Модуль janrain установлен
[Fri, 04 Apr 2014 15:42:33 +0400] (N); Модуль my_changes установлен
[Fri, 04 Apr 2014 15:42:33 +0400] (N); Модуль news_and_emails установлен
[Fri, 04 Apr 2014 15:42:33 +0400] (N); Модуль polls установлен
[Fri, 04 Apr 2014 15:42:34 +0400] (N); Модуль price_list установлен
[Fri, 04 Apr 2014 15:42:34 +0400] (N); Модуль required_products установлен
[Fri, 04 Apr 2014 15:42:34 +0400] (N); Модуль reward_points установлен
[Fri, 04 Apr 2014 15:42:34 +0400] (N); Модуль rma установлен
[Fri, 04 Apr 2014 15:42:34 +0400] (N); Модуль rss_feed установлен
[Fri, 04 Apr 2014 15:42:34 +0400] (N); Модуль rus_build_pack установлен
[Fri, 04 Apr 2014 15:42:34 +0400] (N); Модуль seo установлен
[Fri, 04 Apr 2014 15:42:35 +0400] (N); Модуль social_buttons установлен
[Fri, 04 Apr 2014 15:42:35 +0400] (N); Модуль store_locator установлен
[Fri, 04 Apr 2014 15:42:35 +0400] (N); Модуль tags установлен
[Fri, 04 Apr 2014 15:42:36 +0400] (N); Модуль twigmo установлен
[Fri, 04 Apr 2014 15:42:36 +0400] (N); Модуль watermarks установлен
[Fri, 04 Apr 2014 15:42:36 +0400] (N); Модуль wishlist установлен
